{"/code/server.js": {"path":"/code/server.js","statementMap":{"0":{"start":{"line":1,"column":16},"end":{"line":1,"column":34}},"1":{"start":{"line":2,"column":13},"end":{"line":2,"column":28}},"2":{"start":{"line":4,"column":15},"end":{"line":4,"column":24}},"3":{"start":{"line":5,"column":0},"end":{"line":5,"column":19}},"4":{"start":{"line":6,"column":0},"end":{"line":6,"column":27}},"5":{"start":{"line":10,"column":18},"end":{"line":10,"column":43}},"6":{"start":{"line":12,"column":0},"end":{"line":12,"column":29}},"7":{"start":{"line":14,"column":0},"end":{"line":14,"column":65}},"8":{"start":{"line":14,"column":30},"end":{"line":14,"column":64}},"9":{"start":{"line":16,"column":0},"end":{"line":16,"column":23}}},"fnMap":{"0":{"name":"(anonymous_0)","decl":{"start":{"line":14,"column":16},"end":{"line":14,"column":17}},"loc":{"start":{"line":14,"column":30},"end":{"line":14,"column":64}},"line":14}},"branchMap":{},"s":{"0":4,"1":4,"2":4,"3":4,"4":4,"5":4,"6":4,"7":4,"8":0,"9":4},"f":{"0":0},"b":{},"_coverageSchema":"1a1c01bbd47fc00a2c39e90264f33305004495a9","hash":"f56b0c3ea5c709dc7092524020b612d835eb3b57"}
,"/code/controller/HabitController.js": {"path":"/code/controller/HabitController.js","statementMap":{"0":{"start":{"line":1,"column":14},"end":{"line":1,"column":44}},"1":{"start":{"line":2,"column":12},"end":{"line":2,"column":35}},"2":{"start":{"line":5,"column":4},"end":{"line":25,"column":5}},"3":{"start":{"line":8,"column":23},"end":{"line":8,"column":51}},"4":{"start":{"line":9,"column":8},"end":{"line":19,"column":9}},"5":{"start":{"line":10,"column":26},"end":{"line":10,"column":46}},"6":{"start":{"line":11,"column":12},"end":{"line":18,"column":14}},"7":{"start":{"line":12,"column":16},"end":{"line":17,"column":17}},"8":{"start":{"line":13,"column":20},"end":{"line":13,"column":45}},"9":{"start":{"line":14,"column":20},"end":{"line":14,"column":27}},"10":{"start":{"line":16,"column":20},"end":{"line":16,"column":36}},"11":{"start":{"line":21,"column":23},"end":{"line":21,"column":59}},"12":{"start":{"line":22,"column":8},"end":{"line":22,"column":36}},"13":{"start":{"line":24,"column":8},"end":{"line":24,"column":37}},"14":{"start":{"line":29,"column":4},"end":{"line":36,"column":5}},"15":{"start":{"line":30,"column":21},"end":{"line":30,"column":22}},"16":{"start":{"line":31,"column":23},"end":{"line":31,"column":59}},"17":{"start":{"line":32,"column":8},"end":{"line":32,"column":36}},"18":{"start":{"line":35,"column":8},"end":{"line":35,"column":37}},"19":{"start":{"line":39,"column":4},"end":{"line":39,"column":34}},"20":{"start":{"line":40,"column":4},"end":{"line":73,"column":5}},"21":{"start":{"line":41,"column":23},"end":{"line":41,"column":51}},"22":{"start":{"line":42,"column":8},"end":{"line":42,"column":35}},"23":{"start":{"line":43,"column":8},"end":{"line":69,"column":9}},"24":{"start":{"line":44,"column":12},"end":{"line":44,"column":40}},"25":{"start":{"line":46,"column":26},"end":{"line":46,"column":46}},"26":{"start":{"line":47,"column":12},"end":{"line":55,"column":14}},"27":{"start":{"line":48,"column":16},"end":{"line":54,"column":17}},"28":{"start":{"line":49,"column":20},"end":{"line":49,"column":45}},"29":{"start":{"line":50,"column":20},"end":{"line":50,"column":27}},"30":{"start":{"line":52,"column":20},"end":{"line":52,"column":36}},"31":{"start":{"line":53,"column":20},"end":{"line":53,"column":39}},"32":{"start":{"line":56,"column":12},"end":{"line":56,"column":31}},"33":{"start":{"line":57,"column":27},"end":{"line":57,"column":63}},"34":{"start":{"line":58,"column":30},"end":{"line":58,"column":32}},"35":{"start":{"line":59,"column":12},"end":{"line":66,"column":13}},"36":{"start":{"line":59,"column":25},"end":{"line":59,"column":26}},"37":{"start":{"line":60,"column":16},"end":{"line":65,"column":17}},"38":{"start":{"line":61,"column":36},"end":{"line":61,"column":54}},"39":{"start":{"line":62,"column":20},"end":{"line":62,"column":47}},"40":{"start":{"line":64,"column":20},"end":{"line":64,"column":54}},"41":{"start":{"line":67,"column":12},"end":{"line":67,"column":36}},"42":{"start":{"line":68,"column":12},"end":{"line":68,"column":45}},"43":{"start":{"line":71,"column":8},"end":{"line":71,"column":24}},"44":{"start":{"line":72,"column":8},"end":{"line":72,"column":37}},"45":{"start":{"line":77,"column":4},"end":{"line":84,"column":5}},"46":{"start":{"line":78,"column":22},"end":{"line":78,"column":35}},"47":{"start":{"line":79,"column":23},"end":{"line":79,"column":52}},"48":{"start":{"line":80,"column":8},"end":{"line":80,"column":27}},"49":{"start":{"line":81,"column":8},"end":{"line":81,"column":36}},"50":{"start":{"line":83,"column":8},"end":{"line":83,"column":37}},"51":{"start":{"line":88,"column":4},"end":{"line":111,"column":5}},"52":{"start":{"line":90,"column":23},"end":{"line":90,"column":51}},"53":{"start":{"line":91,"column":8},"end":{"line":107,"column":9}},"54":{"start":{"line":93,"column":26},"end":{"line":93,"column":46}},"55":{"start":{"line":94,"column":12},"end":{"line":101,"column":14}},"56":{"start":{"line":95,"column":16},"end":{"line":100,"column":17}},"57":{"start":{"line":96,"column":20},"end":{"line":96,"column":45}},"58":{"start":{"line":97,"column":20},"end":{"line":97,"column":27}},"59":{"start":{"line":99,"column":20},"end":{"line":99,"column":42}},"60":{"start":{"line":103,"column":12},"end":{"line":103,"column":63}},"61":{"start":{"line":105,"column":27},"end":{"line":105,"column":66}},"62":{"start":{"line":106,"column":12},"end":{"line":106,"column":40}},"63":{"start":{"line":109,"column":8},"end":{"line":109,"column":24}},"64":{"start":{"line":110,"column":8},"end":{"line":110,"column":37}},"65":{"start":{"line":116,"column":4},"end":{"line":122,"column":5}},"66":{"start":{"line":117,"column":22},"end":{"line":117,"column":57}},"67":{"start":{"line":118,"column":8},"end":{"line":118,"column":36}},"68":{"start":{"line":119,"column":8},"end":{"line":119,"column":30}},"69":{"start":{"line":121,"column":8},"end":{"line":121,"column":37}},"70":{"start":{"line":128,"column":4},"end":{"line":135,"column":5}},"71":{"start":{"line":129,"column":22},"end":{"line":129,"column":57}},"72":{"start":{"line":130,"column":8},"end":{"line":130,"column":43}},"73":{"start":{"line":131,"column":8},"end":{"line":131,"column":30}},"74":{"start":{"line":133,"column":8},"end":{"line":133,"column":24}},"75":{"start":{"line":134,"column":8},"end":{"line":134,"column":37}},"76":{"start":{"line":139,"column":4},"end":{"line":145,"column":5}},"77":{"start":{"line":140,"column":22},"end":{"line":140,"column":57}},"78":{"start":{"line":141,"column":8},"end":{"line":141,"column":43}},"79":{"start":{"line":142,"column":8},"end":{"line":142,"column":29}},"80":{"start":{"line":144,"column":8},"end":{"line":144,"column":37}},"81":{"start":{"line":149,"column":4},"end":{"line":156,"column":5}},"82":{"start":{"line":150,"column":22},"end":{"line":150,"column":67}},"83":{"start":{"line":151,"column":8},"end":{"line":151,"column":26}},"84":{"start":{"line":152,"column":8},"end":{"line":152,"column":30}},"85":{"start":{"line":154,"column":8},"end":{"line":154,"column":24}},"86":{"start":{"line":155,"column":8},"end":{"line":155,"column":37}},"87":{"start":{"line":160,"column":0},"end":{"line":160,"column":110}}},"fnMap":{"0":{"name":"index","decl":{"start":{"line":4,"column":15},"end":{"line":4,"column":20}},"loc":{"start":{"line":4,"column":31},"end":{"line":26,"column":1}},"line":4},"1":{"name":"(anonymous_1)","decl":{"start":{"line":11,"column":50},"end":{"line":11,"column":51}},"loc":{"start":{"line":11,"column":71},"end":{"line":18,"column":13}},"line":11},"2":{"name":"indextest","decl":{"start":{"line":28,"column":15},"end":{"line":28,"column":24}},"loc":{"start":{"line":28,"column":35},"end":{"line":37,"column":1}},"line":28},"3":{"name":"createStreak","decl":{"start":{"line":38,"column":15},"end":{"line":38,"column":27}},"loc":{"start":{"line":38,"column":38},"end":{"line":74,"column":1}},"line":38},"4":{"name":"(anonymous_4)","decl":{"start":{"line":47,"column":50},"end":{"line":47,"column":51}},"loc":{"start":{"line":47,"column":71},"end":{"line":55,"column":13}},"line":47},"5":{"name":"show","decl":{"start":{"line":76,"column":15},"end":{"line":76,"column":19}},"loc":{"start":{"line":76,"column":30},"end":{"line":85,"column":1}},"line":76},"6":{"name":"create","decl":{"start":{"line":87,"column":15},"end":{"line":87,"column":21}},"loc":{"start":{"line":87,"column":32},"end":{"line":112,"column":1}},"line":87},"7":{"name":"(anonymous_7)","decl":{"start":{"line":94,"column":50},"end":{"line":94,"column":51}},"loc":{"start":{"line":94,"column":71},"end":{"line":101,"column":13}},"line":94},"8":{"name":"updateComp","decl":{"start":{"line":115,"column":15},"end":{"line":115,"column":25}},"loc":{"start":{"line":115,"column":36},"end":{"line":123,"column":1}},"line":115},"9":{"name":"updatefreq","decl":{"start":{"line":126,"column":15},"end":{"line":126,"column":25}},"loc":{"start":{"line":126,"column":36},"end":{"line":136,"column":1}},"line":126},"10":{"name":"reduceFreq","decl":{"start":{"line":138,"column":15},"end":{"line":138,"column":25}},"loc":{"start":{"line":138,"column":36},"end":{"line":146,"column":1}},"line":138},"11":{"name":"destroy","decl":{"start":{"line":148,"column":15},"end":{"line":148,"column":22}},"loc":{"start":{"line":148,"column":33},"end":{"line":157,"column":1}},"line":148}},"branchMap":{"0":{"loc":{"start":{"line":9,"column":8},"end":{"line":19,"column":9}},"type":"if","locations":[{"start":{"line":9,"column":8},"end":{"line":19,"column":9}},{"start":{},"end":{}}],"line":9},"1":{"loc":{"start":{"line":12,"column":16},"end":{"line":17,"column":17}},"type":"if","locations":[{"start":{"line":12,"column":16},"end":{"line":17,"column":17}},{"start":{"line":15,"column":23},"end":{"line":17,"column":17}}],"line":12},"2":{"loc":{"start":{"line":43,"column":8},"end":{"line":69,"column":9}},"type":"if","locations":[{"start":{"line":43,"column":8},"end":{"line":69,"column":9}},{"start":{},"end":{}}],"line":43},"3":{"loc":{"start":{"line":48,"column":16},"end":{"line":54,"column":17}},"type":"if","locations":[{"start":{"line":48,"column":16},"end":{"line":54,"column":17}},{"start":{"line":51,"column":23},"end":{"line":54,"column":17}}],"line":48},"4":{"loc":{"start":{"line":60,"column":16},"end":{"line":65,"column":17}},"type":"if","locations":[{"start":{"line":60,"column":16},"end":{"line":65,"column":17}},{"start":{"line":63,"column":23},"end":{"line":65,"column":17}}],"line":60},"5":{"loc":{"start":{"line":91,"column":8},"end":{"line":107,"column":9}},"type":"if","locations":[{"start":{"line":91,"column":8},"end":{"line":107,"column":9}},{"start":{},"end":{}}],"line":91},"6":{"loc":{"start":{"line":95,"column":16},"end":{"line":100,"column":17}},"type":"if","locations":[{"start":{"line":95,"column":16},"end":{"line":100,"column":17}},{"start":{"line":98,"column":23},"end":{"line":100,"column":17}}],"line":95}},"s":{"0":4,"1":4,"2":0,"3":0,"4":0,"5":0,"6":0,"7":0,"8":0,"9":0,"10":0,"11":0,"12":0,"13":0,"14":1,"15":1,"16":1,"17":1,"18":0,"19":0,"20":0,"21":0,"22":0,"23":0,"24":0,"25":0,"26":0,"27":0,"28":0,"29":0,"30":0,"31":0,"32":0,"33":0,"34":0,"35":0,"36":0,"37":0,"38":0,"39":0,"40":0,"41":0,"42":0,"43":0,"44":0,"45":1,"46":1,"47":1,"48":1,"49":1,"50":0,"51":0,"52":0,"53":0,"54":0,"55":0,"56":0,"57":0,"58":0,"59":0,"60":0,"61":0,"62":0,"63":0,"64":0,"65":0,"66":0,"67":0,"68":0,"69":0,"70":0,"71":0,"72":0,"73":0,"74":0,"75":0,"76":0,"77":0,"78":0,"79":0,"80":0,"81":0,"82":0,"83":0,"84":0,"85":0,"86":0,"87":4},"f":{"0":0,"1":0,"2":1,"3":0,"4":0,"5":1,"6":0,"7":0,"8":0,"9":0,"10":0,"11":0},"b":{"0":[0,0],"1":[0,0],"2":[0,0],"3":[0,0],"4":[0,0],"5":[0,0],"6":[0,0]},"_coverageSchema":"1a1c01bbd47fc00a2c39e90264f33305004495a9","hash":"a0d6a71eaf92c6749de7e21f76b51b090ecea825"}
,"/code/controller/UserController.js": {"path":"/code/controller/UserController.js","statementMap":{"0":{"start":{"line":1,"column":13},"end":{"line":1,"column":42}},"1":{"start":{"line":5,"column":4},"end":{"line":10,"column":5}},"2":{"start":{"line":6,"column":22},"end":{"line":6,"column":36}},"3":{"start":{"line":7,"column":8},"end":{"line":7,"column":35}},"4":{"start":{"line":9,"column":8},"end":{"line":9,"column":35}},"5":{"start":{"line":14,"column":4},"end":{"line":19,"column":5}},"6":{"start":{"line":15,"column":21},"end":{"line":15,"column":61}},"7":{"start":{"line":16,"column":8},"end":{"line":16,"column":34}},"8":{"start":{"line":18,"column":8},"end":{"line":18,"column":35}},"9":{"start":{"line":22,"column":0},"end":{"line":22,"column":30}}},"fnMap":{"0":{"name":"index","decl":{"start":{"line":4,"column":15},"end":{"line":4,"column":20}},"loc":{"start":{"line":4,"column":32},"end":{"line":11,"column":1}},"line":4},"1":{"name":"show","decl":{"start":{"line":13,"column":15},"end":{"line":13,"column":19}},"loc":{"start":{"line":13,"column":31},"end":{"line":20,"column":1}},"line":13}},"branchMap":{},"s":{"0":4,"1":1,"2":1,"3":1,"4":0,"5":1,"6":1,"7":1,"8":0,"9":4},"f":{"0":1,"1":1},"b":{},"_coverageSchema":"1a1c01bbd47fc00a2c39e90264f33305004495a9","hash":"2fd9f488117999cdc5940c1127c1288df18f0636"}
,"/code/controller/auth.js": {"path":"/code/controller/auth.js","statementMap":{"0":{"start":{"line":1,"column":15},"end":{"line":1,"column":34}},"1":{"start":{"line":2,"column":12},"end":{"line":2,"column":35}},"2":{"start":{"line":3,"column":0},"end":{"line":3,"column":27}},"3":{"start":{"line":6,"column":13},"end":{"line":6,"column":42}},"4":{"start":{"line":9,"column":4},"end":{"line":16,"column":5}},"5":{"start":{"line":10,"column":21},"end":{"line":10,"column":43}},"6":{"start":{"line":11,"column":27},"end":{"line":11,"column":69}},"7":{"start":{"line":12,"column":8},"end":{"line":12,"column":64}},"8":{"start":{"line":13,"column":8},"end":{"line":13,"column":53}},"9":{"start":{"line":15,"column":8},"end":{"line":15,"column":33}},"10":{"start":{"line":19,"column":4},"end":{"line":43,"column":5}},"11":{"start":{"line":20,"column":21},"end":{"line":20,"column":59}},"12":{"start":{"line":21,"column":8},"end":{"line":23,"column":9}},"13":{"start":{"line":22,"column":12},"end":{"line":22,"column":54}},"14":{"start":{"line":24,"column":23},"end":{"line":24,"column":71}},"15":{"start":{"line":25,"column":8},"end":{"line":39,"column":9}},"16":{"start":{"line":26,"column":28},"end":{"line":26,"column":87}},"17":{"start":{"line":27,"column":30},"end":{"line":33,"column":13}},"18":{"start":{"line":28,"column":16},"end":{"line":28,"column":73}},"19":{"start":{"line":28,"column":27},"end":{"line":28,"column":71}},"20":{"start":{"line":29,"column":16},"end":{"line":32,"column":19}},"21":{"start":{"line":34,"column":12},"end":{"line":34,"column":85}},"22":{"start":{"line":38,"column":12},"end":{"line":38,"column":58}},"23":{"start":{"line":41,"column":8},"end":{"line":41,"column":24}},"24":{"start":{"line":42,"column":8},"end":{"line":42,"column":37}},"25":{"start":{"line":48,"column":0},"end":{"line":48,"column":34}}},"fnMap":{"0":{"name":"create","decl":{"start":{"line":8,"column":15},"end":{"line":8,"column":21}},"loc":{"start":{"line":8,"column":32},"end":{"line":17,"column":1}},"line":8},"1":{"name":"login","decl":{"start":{"line":18,"column":15},"end":{"line":18,"column":20}},"loc":{"start":{"line":18,"column":31},"end":{"line":44,"column":1}},"line":18},"2":{"name":"(anonymous_2)","decl":{"start":{"line":27,"column":30},"end":{"line":27,"column":31}},"loc":{"start":{"line":27,"column":46},"end":{"line":33,"column":13}},"line":27}},"branchMap":{"0":{"loc":{"start":{"line":21,"column":8},"end":{"line":23,"column":9}},"type":"if","locations":[{"start":{"line":21,"column":8},"end":{"line":23,"column":9}},{"start":{},"end":{}}],"line":21},"1":{"loc":{"start":{"line":25,"column":8},"end":{"line":39,"column":9}},"type":"if","locations":[{"start":{"line":25,"column":8},"end":{"line":39,"column":9}},{"start":{"line":37,"column":15},"end":{"line":39,"column":9}}],"line":25},"2":{"loc":{"start":{"line":28,"column":16},"end":{"line":28,"column":73}},"type":"if","locations":[{"start":{"line":28,"column":16},"end":{"line":28,"column":73}},{"start":{},"end":{}}],"line":28}},"s":{"0":4,"1":4,"2":4,"3":4,"4":0,"5":0,"6":0,"7":0,"8":0,"9":0,"10":0,"11":0,"12":0,"13":0,"14":0,"15":0,"16":0,"17":0,"18":0,"19":0,"20":0,"21":0,"22":0,"23":0,"24":0,"25":4},"f":{"0":0,"1":0,"2":0},"b":{"0":[0,0],"1":[0,0],"2":[0,0]},"_coverageSchema":"1a1c01bbd47fc00a2c39e90264f33305004495a9","hash":"047a74a93ee0e79dff9cfbaaa4969b3d2e3f9c6a"}
,"/code/dbConfig/init.js": {"path":"/code/dbConfig/init.js","statementMap":{"0":{"start":{"line":1,"column":17},"end":{"line":1,"column":30}},"1":{"start":{"line":3,"column":13},"end":{"line":3,"column":23}},"2":{"start":{"line":5,"column":0},"end":{"line":5,"column":22}}},"fnMap":{},"branchMap":{},"s":{"0":4,"1":4,"2":4},"f":{},"b":{},"_coverageSchema":"1a1c01bbd47fc00a2c39e90264f33305004495a9","hash":"d3d3ebe121be0683aebd27677f9bf0c7419fde5d"}
,"/code/middleware/token.js": {"path":"/code/middleware/token.js","statementMap":{"0":{"start":{"line":1,"column":12},"end":{"line":1,"column":35}},"1":{"start":{"line":2,"column":13},"end":{"line":2,"column":42}},"2":{"start":{"line":5,"column":4},"end":{"line":5,"column":28}},"3":{"start":{"line":6,"column":19},"end":{"line":6,"column":47}},"4":{"start":{"line":7,"column":4},"end":{"line":22,"column":5}},"5":{"start":{"line":8,"column":22},"end":{"line":8,"column":42}},"6":{"start":{"line":9,"column":8},"end":{"line":9,"column":52}},"7":{"start":{"line":10,"column":8},"end":{"line":18,"column":10}},"8":{"start":{"line":11,"column":12},"end":{"line":17,"column":13}},"9":{"start":{"line":12,"column":16},"end":{"line":12,"column":40}},"10":{"start":{"line":13,"column":16},"end":{"line":13,"column":32}},"11":{"start":{"line":14,"column":16},"end":{"line":14,"column":62}},"12":{"start":{"line":16,"column":16},"end":{"line":16,"column":23}},"13":{"start":{"line":20,"column":8},"end":{"line":20,"column":30}},"14":{"start":{"line":21,"column":8},"end":{"line":21,"column":54}},"15":{"start":{"line":25,"column":0},"end":{"line":27,"column":1}}},"fnMap":{"0":{"name":"verifyToken","decl":{"start":{"line":4,"column":9},"end":{"line":4,"column":20}},"loc":{"start":{"line":4,"column":36},"end":{"line":23,"column":1}},"line":4},"1":{"name":"(anonymous_1)","decl":{"start":{"line":10,"column":46},"end":{"line":10,"column":47}},"loc":{"start":{"line":10,"column":67},"end":{"line":18,"column":9}},"line":10}},"branchMap":{"0":{"loc":{"start":{"line":7,"column":4},"end":{"line":22,"column":5}},"type":"if","locations":[{"start":{"line":7,"column":4},"end":{"line":22,"column":5}},{"start":{"line":19,"column":11},"end":{"line":22,"column":5}}],"line":7},"1":{"loc":{"start":{"line":11,"column":12},"end":{"line":17,"column":13}},"type":"if","locations":[{"start":{"line":11,"column":12},"end":{"line":17,"column":13}},{"start":{"line":15,"column":19},"end":{"line":17,"column":13}}],"line":11}},"s":{"0":4,"1":4,"2":0,"3":0,"4":0,"5":0,"6":0,"7":0,"8":0,"9":0,"10":0,"11":0,"12":0,"13":0,"14":0,"15":4},"f":{"0":0,"1":0},"b":{"0":[0,0],"1":[0,0]},"_coverageSchema":"1a1c01bbd47fc00a2c39e90264f33305004495a9","hash":"15efc5548a6ac803b1930b314f53d2f4c69047bd"}
,"/code/model/HabitModel.js": {"path":"/code/model/HabitModel.js","statementMap":{"0":{"start":{"line":1,"column":11},"end":{"line":1,"column":38}},"1":{"start":{"line":2,"column":13},"end":{"line":2,"column":35}},"2":{"start":{"line":6,"column":8},"end":{"line":6,"column":26}},"3":{"start":{"line":7,"column":8},"end":{"line":7,"column":42}},"4":{"start":{"line":8,"column":8},"end":{"line":8,"column":40}},"5":{"start":{"line":9,"column":8},"end":{"line":9,"column":52}},"6":{"start":{"line":10,"column":8},"end":{"line":10,"column":54}},"7":{"start":{"line":11,"column":8},"end":{"line":11,"column":38}},"8":{"start":{"line":12,"column":8},"end":{"line":12,"column":46}},"9":{"start":{"line":13,"column":8},"end":{"line":13,"column":38}},"10":{"start":{"line":14,"column":8},"end":{"line":14,"column":36}},"11":{"start":{"line":18,"column":8},"end":{"line":29,"column":10}},"12":{"start":{"line":19,"column":12},"end":{"line":27,"column":13}},"13":{"start":{"line":21,"column":32},"end":{"line":21,"column":70}},"14":{"start":{"line":22,"column":29},"end":{"line":22,"column":66}},"15":{"start":{"line":22,"column":53},"end":{"line":22,"column":65}},"16":{"start":{"line":23,"column":16},"end":{"line":23,"column":27}},"17":{"start":{"line":26,"column":16},"end":{"line":26,"column":57}},"18":{"start":{"line":34,"column":8},"end":{"line":42,"column":10}},"19":{"start":{"line":35,"column":12},"end":{"line":41,"column":13}},"20":{"start":{"line":36,"column":32},"end":{"line":36,"column":100}},"21":{"start":{"line":37,"column":29},"end":{"line":37,"column":66}},"22":{"start":{"line":37,"column":53},"end":{"line":37,"column":65}},"23":{"start":{"line":38,"column":16},"end":{"line":38,"column":27}},"24":{"start":{"line":40,"column":16},"end":{"line":40,"column":68}},"25":{"start":{"line":46,"column":8},"end":{"line":55,"column":10}},"26":{"start":{"line":47,"column":12},"end":{"line":54,"column":13}},"27":{"start":{"line":48,"column":34},"end":{"line":48,"column":93}},"28":{"start":{"line":49,"column":29},"end":{"line":49,"column":59}},"29":{"start":{"line":50,"column":16},"end":{"line":50,"column":54}},"30":{"start":{"line":51,"column":16},"end":{"line":51,"column":27}},"31":{"start":{"line":53,"column":16},"end":{"line":53,"column":55}},"32":{"start":{"line":59,"column":8},"end":{"line":73,"column":10}},"33":{"start":{"line":60,"column":12},"end":{"line":72,"column":13}},"34":{"start":{"line":61,"column":38},"end":{"line":61,"column":39}},"35":{"start":{"line":62,"column":31},"end":{"line":62,"column":38}},"36":{"start":{"line":63,"column":68},"end":{"line":63,"column":77}},"37":{"start":{"line":64,"column":26},"end":{"line":64,"column":36}},"38":{"start":{"line":65,"column":31},"end":{"line":65,"column":61}},"39":{"start":{"line":66,"column":27},"end":{"line":66,"column":60}},"40":{"start":{"line":67,"column":31},"end":{"line":67,"column":315}},"41":{"start":{"line":68,"column":33},"end":{"line":68,"column":58}},"42":{"start":{"line":69,"column":16},"end":{"line":69,"column":29}},"43":{"start":{"line":71,"column":16},"end":{"line":71,"column":52}},"44":{"start":{"line":77,"column":8},"end":{"line":92,"column":10}},"45":{"start":{"line":78,"column":12},"end":{"line":90,"column":13}},"46":{"start":{"line":79,"column":26},"end":{"line":79,"column":36}},"47":{"start":{"line":80,"column":16},"end":{"line":87,"column":17}},"48":{"start":{"line":81,"column":35},"end":{"line":81,"column":41}},"49":{"start":{"line":82,"column":38},"end":{"line":82,"column":135}},"50":{"start":{"line":83,"column":41},"end":{"line":83,"column":71}},"51":{"start":{"line":84,"column":20},"end":{"line":84,"column":39}},"52":{"start":{"line":86,"column":20},"end":{"line":86,"column":68}},"53":{"start":{"line":89,"column":16},"end":{"line":89,"column":72}},"54":{"start":{"line":96,"column":8},"end":{"line":110,"column":10}},"55":{"start":{"line":97,"column":12},"end":{"line":109,"column":13}},"56":{"start":{"line":98,"column":16},"end":{"line":106,"column":17}},"57":{"start":{"line":99,"column":38},"end":{"line":99,"column":149}},"58":{"start":{"line":100,"column":37},"end":{"line":100,"column":67}},"59":{"start":{"line":101,"column":20},"end":{"line":101,"column":35}},"60":{"start":{"line":103,"column":41},"end":{"line":103,"column":130}},"61":{"start":{"line":104,"column":37},"end":{"line":104,"column":70}},"62":{"start":{"line":105,"column":20},"end":{"line":105,"column":35}},"63":{"start":{"line":108,"column":16},"end":{"line":108,"column":63}},"64":{"start":{"line":114,"column":8},"end":{"line":126,"column":10}},"65":{"start":{"line":115,"column":12},"end":{"line":125,"column":13}},"66":{"start":{"line":116,"column":16},"end":{"line":122,"column":17}},"67":{"start":{"line":117,"column":38},"end":{"line":117,"column":149}},"68":{"start":{"line":118,"column":37},"end":{"line":118,"column":67}},"69":{"start":{"line":119,"column":20},"end":{"line":119,"column":35}},"70":{"start":{"line":121,"column":20},"end":{"line":121,"column":45}},"71":{"start":{"line":124,"column":16},"end":{"line":124,"column":57}},"72":{"start":{"line":130,"column":8},"end":{"line":142,"column":10}},"73":{"start":{"line":131,"column":12},"end":{"line":141,"column":13}},"74":{"start":{"line":132,"column":16},"end":{"line":138,"column":17}},"75":{"start":{"line":133,"column":38},"end":{"line":133,"column":127}},"76":{"start":{"line":134,"column":37},"end":{"line":134,"column":67}},"77":{"start":{"line":135,"column":20},"end":{"line":135,"column":35}},"78":{"start":{"line":137,"column":20},"end":{"line":137,"column":58}},"79":{"start":{"line":140,"column":16},"end":{"line":140,"column":56}},"80":{"start":{"line":148,"column":8},"end":{"line":156,"column":10}},"81":{"start":{"line":149,"column":12},"end":{"line":155,"column":13}},"82":{"start":{"line":150,"column":16},"end":{"line":150,"column":96}},"83":{"start":{"line":151,"column":16},"end":{"line":151,"column":49}},"84":{"start":{"line":153,"column":16},"end":{"line":153,"column":53}},"85":{"start":{"line":162,"column":15},"end":{"line":162,"column":25}},"86":{"start":{"line":163,"column":4},"end":{"line":182,"column":5}},"87":{"start":{"line":164,"column":26},"end":{"line":164,"column":41}},"88":{"start":{"line":165,"column":33},"end":{"line":165,"column":49}},"89":{"start":{"line":166,"column":28},"end":{"line":166,"column":56}},"90":{"start":{"line":167,"column":8},"end":{"line":167,"column":28}},"91":{"start":{"line":168,"column":11},"end":{"line":182,"column":5}},"92":{"start":{"line":169,"column":29},"end":{"line":169,"column":42}},"93":{"start":{"line":170,"column":32},"end":{"line":170,"column":51}},"94":{"start":{"line":171,"column":33},"end":{"line":171,"column":56}},"95":{"start":{"line":172,"column":28},"end":{"line":172,"column":56}},"96":{"start":{"line":173,"column":8},"end":{"line":173,"column":28}},"97":{"start":{"line":174,"column":11},"end":{"line":182,"column":5}},"98":{"start":{"line":175,"column":30},"end":{"line":175,"column":44}},"99":{"start":{"line":176,"column":31},"end":{"line":176,"column":51}},"100":{"start":{"line":177,"column":33},"end":{"line":177,"column":55}},"101":{"start":{"line":178,"column":28},"end":{"line":178,"column":56}},"102":{"start":{"line":179,"column":8},"end":{"line":179,"column":28}},"103":{"start":{"line":181,"column":8},"end":{"line":181,"column":31}},"104":{"start":{"line":186,"column":15},"end":{"line":186,"column":25}},"105":{"start":{"line":187,"column":23},"end":{"line":187,"column":38}},"106":{"start":{"line":188,"column":4},"end":{"line":188,"column":23}},"107":{"start":{"line":193,"column":0},"end":{"line":193,"column":22}}},"fnMap":{"0":{"name":"(anonymous_0)","decl":{"start":{"line":5,"column":4},"end":{"line":5,"column":5}},"loc":{"start":{"line":5,"column":22},"end":{"line":15,"column":5}},"line":5},"1":{"name":"(anonymous_1)","decl":{"start":{"line":17,"column":4},"end":{"line":17,"column":5}},"loc":{"start":{"line":17,"column":21},"end":{"line":31,"column":5}},"line":17},"2":{"name":"(anonymous_2)","decl":{"start":{"line":18,"column":27},"end":{"line":18,"column":28}},"loc":{"start":{"line":18,"column":47},"end":{"line":29,"column":9}},"line":18},"3":{"name":"(anonymous_3)","decl":{"start":{"line":22,"column":48},"end":{"line":22,"column":49}},"loc":{"start":{"line":22,"column":53},"end":{"line":22,"column":65}},"line":22},"4":{"name":"(anonymous_4)","decl":{"start":{"line":33,"column":4},"end":{"line":33,"column":5}},"loc":{"start":{"line":33,"column":36},"end":{"line":43,"column":5}},"line":33},"5":{"name":"(anonymous_5)","decl":{"start":{"line":34,"column":27},"end":{"line":34,"column":28}},"loc":{"start":{"line":34,"column":47},"end":{"line":42,"column":9}},"line":34},"6":{"name":"(anonymous_6)","decl":{"start":{"line":37,"column":48},"end":{"line":37,"column":49}},"loc":{"start":{"line":37,"column":53},"end":{"line":37,"column":65}},"line":37},"7":{"name":"(anonymous_7)","decl":{"start":{"line":45,"column":4},"end":{"line":45,"column":5}},"loc":{"start":{"line":45,"column":24},"end":{"line":56,"column":5}},"line":45},"8":{"name":"(anonymous_8)","decl":{"start":{"line":46,"column":27},"end":{"line":46,"column":28}},"loc":{"start":{"line":46,"column":47},"end":{"line":55,"column":9}},"line":46},"9":{"name":"(anonymous_9)","decl":{"start":{"line":58,"column":4},"end":{"line":58,"column":5}},"loc":{"start":{"line":58,"column":40},"end":{"line":74,"column":5}},"line":58},"10":{"name":"(anonymous_10)","decl":{"start":{"line":59,"column":27},"end":{"line":59,"column":28}},"loc":{"start":{"line":59,"column":47},"end":{"line":73,"column":9}},"line":59},"11":{"name":"(anonymous_11)","decl":{"start":{"line":76,"column":4},"end":{"line":76,"column":5}},"loc":{"start":{"line":76,"column":17},"end":{"line":93,"column":5}},"line":76},"12":{"name":"(anonymous_12)","decl":{"start":{"line":77,"column":27},"end":{"line":77,"column":28}},"loc":{"start":{"line":77,"column":47},"end":{"line":92,"column":9}},"line":77},"13":{"name":"(anonymous_13)","decl":{"start":{"line":95,"column":4},"end":{"line":95,"column":5}},"loc":{"start":{"line":95,"column":27},"end":{"line":111,"column":5}},"line":95},"14":{"name":"(anonymous_14)","decl":{"start":{"line":96,"column":27},"end":{"line":96,"column":28}},"loc":{"start":{"line":96,"column":47},"end":{"line":110,"column":9}},"line":96},"15":{"name":"(anonymous_15)","decl":{"start":{"line":113,"column":4},"end":{"line":113,"column":5}},"loc":{"start":{"line":113,"column":28},"end":{"line":127,"column":5}},"line":113},"16":{"name":"(anonymous_16)","decl":{"start":{"line":114,"column":27},"end":{"line":114,"column":28}},"loc":{"start":{"line":114,"column":47},"end":{"line":126,"column":9}},"line":114},"17":{"name":"(anonymous_17)","decl":{"start":{"line":129,"column":4},"end":{"line":129,"column":5}},"loc":{"start":{"line":129,"column":21},"end":{"line":143,"column":5}},"line":129},"18":{"name":"(anonymous_18)","decl":{"start":{"line":130,"column":27},"end":{"line":130,"column":28}},"loc":{"start":{"line":130,"column":47},"end":{"line":142,"column":9}},"line":130},"19":{"name":"(anonymous_19)","decl":{"start":{"line":147,"column":4},"end":{"line":147,"column":5}},"loc":{"start":{"line":147,"column":10},"end":{"line":157,"column":5}},"line":147},"20":{"name":"(anonymous_20)","decl":{"start":{"line":148,"column":27},"end":{"line":148,"column":28}},"loc":{"start":{"line":148,"column":47},"end":{"line":156,"column":9}},"line":148},"21":{"name":"convert","decl":{"start":{"line":161,"column":15},"end":{"line":161,"column":22}},"loc":{"start":{"line":161,"column":34},"end":{"line":183,"column":1}},"line":161},"22":{"name":"startTime","decl":{"start":{"line":185,"column":15},"end":{"line":185,"column":24}},"loc":{"start":{"line":185,"column":27},"end":{"line":189,"column":1}},"line":185}},"branchMap":{"0":{"loc":{"start":{"line":80,"column":16},"end":{"line":87,"column":17}},"type":"if","locations":[{"start":{"line":80,"column":16},"end":{"line":87,"column":17}},{"start":{"line":85,"column":23},"end":{"line":87,"column":17}}],"line":80},"1":{"loc":{"start":{"line":80,"column":20},"end":{"line":80,"column":68}},"type":"binary-expr","locations":[{"start":{"line":80,"column":20},"end":{"line":80,"column":40}},{"start":{"line":80,"column":44},"end":{"line":80,"column":68}}],"line":80},"2":{"loc":{"start":{"line":98,"column":16},"end":{"line":106,"column":17}},"type":"if","locations":[{"start":{"line":98,"column":16},"end":{"line":106,"column":17}},{"start":{"line":102,"column":23},"end":{"line":106,"column":17}}],"line":98},"3":{"loc":{"start":{"line":116,"column":16},"end":{"line":122,"column":17}},"type":"if","locations":[{"start":{"line":116,"column":16},"end":{"line":122,"column":17}},{"start":{"line":120,"column":23},"end":{"line":122,"column":17}}],"line":116},"4":{"loc":{"start":{"line":132,"column":16},"end":{"line":138,"column":17}},"type":"if","locations":[{"start":{"line":132,"column":16},"end":{"line":138,"column":17}},{"start":{"line":136,"column":23},"end":{"line":138,"column":17}}],"line":132},"5":{"loc":{"start":{"line":163,"column":4},"end":{"line":182,"column":5}},"type":"if","locations":[{"start":{"line":163,"column":4},"end":{"line":182,"column":5}},{"start":{"line":168,"column":11},"end":{"line":182,"column":5}}],"line":163},"6":{"loc":{"start":{"line":168,"column":11},"end":{"line":182,"column":5}},"type":"if","locations":[{"start":{"line":168,"column":11},"end":{"line":182,"column":5}},{"start":{"line":174,"column":11},"end":{"line":182,"column":5}}],"line":168},"7":{"loc":{"start":{"line":174,"column":11},"end":{"line":182,"column":5}},"type":"if","locations":[{"start":{"line":174,"column":11},"end":{"line":182,"column":5}},{"start":{"line":180,"column":11},"end":{"line":182,"column":5}}],"line":174}},"s":{"0":4,"1":4,"2":16,"3":16,"4":16,"5":16,"6":16,"7":16,"8":16,"9":16,"10":16,"11":1,"12":1,"13":1,"14":1,"15":3,"16":1,"17":0,"18":1,"19":1,"20":1,"21":1,"22":1,"23":1,"24":0,"25":1,"26":1,"27":1,"28":1,"29":1,"30":1,"31":0,"32":1,"33":1,"34":1,"35":1,"36":1,"37":1,"38":1,"39":1,"40":1,"41":1,"42":1,"43":0,"44":2,"45":2,"46":2,"47":2,"48":2,"49":2,"50":1,"51":1,"52":0,"53":0,"54":1,"55":1,"56":1,"57":1,"58":1,"59":1,"60":0,"61":0,"62":0,"63":0,"64":1,"65":1,"66":1,"67":1,"68":1,"69":1,"70":0,"71":0,"72":1,"73":1,"74":1,"75":1,"76":1,"77":1,"78":0,"79":0,"80":1,"81":1,"82":1,"83":1,"84":0,"85":1,"86":1,"87":1,"88":1,"89":1,"90":1,"91":0,"92":0,"93":0,"94":0,"95":0,"96":0,"97":0,"98":0,"99":0,"100":0,"101":0,"102":0,"103":0,"104":0,"105":0,"106":0,"107":4},"f":{"0":16,"1":1,"2":1,"3":3,"4":1,"5":1,"6":1,"7":1,"8":1,"9":1,"10":1,"11":2,"12":2,"13":1,"14":1,"15":1,"16":1,"17":1,"18":1,"19":1,"20":1,"21":1,"22":0},"b":{"0":[2,0],"1":[2,2],"2":[1,0],"3":[1,0],"4":[1,0],"5":[1,0],"6":[0,0],"7":[0,0]},"_coverageSchema":"1a1c01bbd47fc00a2c39e90264f33305004495a9","hash":"e4fde5d43cef49dc88d23bce0f332697c3c35cbf"}
,"/code/model/UserModel.js": {"path":"/code/model/UserModel.js","statementMap":{"0":{"start":{"line":1,"column":11},"end":{"line":1,"column":38}},"1":{"start":{"line":5,"column":8},"end":{"line":5,"column":25}},"2":{"start":{"line":6,"column":8},"end":{"line":6,"column":37}},"3":{"start":{"line":7,"column":8},"end":{"line":7,"column":37}},"4":{"start":{"line":8,"column":8},"end":{"line":8,"column":31}},"5":{"start":{"line":12,"column":8},"end":{"line":20,"column":10}},"6":{"start":{"line":13,"column":12},"end":{"line":19,"column":13}},"7":{"start":{"line":14,"column":31},"end":{"line":14,"column":69}},"8":{"start":{"line":15,"column":27},"end":{"line":15,"column":62}},"9":{"start":{"line":15,"column":50},"end":{"line":15,"column":61}},"10":{"start":{"line":16,"column":16},"end":{"line":16,"column":25}},"11":{"start":{"line":18,"column":16},"end":{"line":18,"column":59}},"12":{"start":{"line":24,"column":8},"end":{"line":33,"column":10}},"13":{"start":{"line":25,"column":12},"end":{"line":32,"column":13}},"14":{"start":{"line":26,"column":54},"end":{"line":26,"column":62}},"15":{"start":{"line":27,"column":34},"end":{"line":27,"column":157}},"16":{"start":{"line":28,"column":27},"end":{"line":28,"column":56}},"17":{"start":{"line":29,"column":16},"end":{"line":29,"column":25}},"18":{"start":{"line":31,"column":16},"end":{"line":31,"column":54}},"19":{"start":{"line":37,"column":8},"end":{"line":46,"column":10}},"20":{"start":{"line":38,"column":12},"end":{"line":45,"column":13}},"21":{"start":{"line":40,"column":34},"end":{"line":40,"column":98}},"22":{"start":{"line":41,"column":27},"end":{"line":41,"column":56}},"23":{"start":{"line":42,"column":16},"end":{"line":42,"column":25}},"24":{"start":{"line":44,"column":16},"end":{"line":44,"column":49}},"25":{"start":{"line":52,"column":0},"end":{"line":52,"column":22}}},"fnMap":{"0":{"name":"(anonymous_0)","decl":{"start":{"line":4,"column":4},"end":{"line":4,"column":5}},"loc":{"start":{"line":4,"column":22},"end":{"line":9,"column":5}},"line":4},"1":{"name":"(anonymous_1)","decl":{"start":{"line":11,"column":4},"end":{"line":11,"column":5}},"loc":{"start":{"line":11,"column":21},"end":{"line":21,"column":5}},"line":11},"2":{"name":"(anonymous_2)","decl":{"start":{"line":12,"column":27},"end":{"line":12,"column":28}},"loc":{"start":{"line":12,"column":47},"end":{"line":20,"column":9}},"line":12},"3":{"name":"(anonymous_3)","decl":{"start":{"line":15,"column":45},"end":{"line":15,"column":46}},"loc":{"start":{"line":15,"column":50},"end":{"line":15,"column":61}},"line":15},"4":{"name":"(anonymous_4)","decl":{"start":{"line":23,"column":4},"end":{"line":23,"column":5}},"loc":{"start":{"line":23,"column":28},"end":{"line":34,"column":5}},"line":23},"5":{"name":"(anonymous_5)","decl":{"start":{"line":24,"column":27},"end":{"line":24,"column":28}},"loc":{"start":{"line":24,"column":47},"end":{"line":33,"column":9}},"line":24},"6":{"name":"(anonymous_6)","decl":{"start":{"line":36,"column":4},"end":{"line":36,"column":5}},"loc":{"start":{"line":36,"column":30},"end":{"line":47,"column":5}},"line":36},"7":{"name":"(anonymous_7)","decl":{"start":{"line":37,"column":27},"end":{"line":37,"column":28}},"loc":{"start":{"line":37,"column":47},"end":{"line":46,"column":9}},"line":37}},"branchMap":{},"s":{"0":4,"1":9,"2":9,"3":9,"4":9,"5":1,"6":1,"7":1,"8":1,"9":3,"10":1,"11":0,"12":1,"13":1,"14":1,"15":1,"16":1,"17":1,"18":0,"19":2,"20":2,"21":2,"22":2,"23":2,"24":0,"25":4},"f":{"0":9,"1":1,"2":1,"3":3,"4":1,"5":1,"6":2,"7":2},"b":{},"_coverageSchema":"1a1c01bbd47fc00a2c39e90264f33305004495a9","hash":"48e7b42998946393f0f8555a6346173605c238e0"}
,"/code/routes/route.js": {"path":"/code/routes/route.js","statementMap":{"0":{"start":{"line":1,"column":16},"end":{"line":1,"column":34}},"1":{"start":{"line":2,"column":24},"end":{"line":2,"column":54}},"2":{"start":{"line":3,"column":15},"end":{"line":3,"column":31}},"3":{"start":{"line":4,"column":23},"end":{"line":4,"column":52}},"4":{"start":{"line":5,"column":23},"end":{"line":5,"column":62}},"5":{"start":{"line":6,"column":24},"end":{"line":6,"column":64}},"6":{"start":{"line":11,"column":0},"end":{"line":11,"column":47}},"7":{"start":{"line":12,"column":0},"end":{"line":12,"column":43}},"8":{"start":{"line":13,"column":0},"end":{"line":13,"column":58}},"9":{"start":{"line":14,"column":0},"end":{"line":14,"column":54}},"10":{"start":{"line":17,"column":0},"end":{"line":17,"column":66}},"11":{"start":{"line":18,"column":0},"end":{"line":18,"column":59}},"12":{"start":{"line":19,"column":0},"end":{"line":19,"column":60}},"13":{"start":{"line":20,"column":0},"end":{"line":20,"column":65}},"14":{"start":{"line":21,"column":0},"end":{"line":21,"column":75}},"15":{"start":{"line":22,"column":0},"end":{"line":22,"column":76}},"16":{"start":{"line":23,"column":0},"end":{"line":23,"column":77}},"17":{"start":{"line":24,"column":0},"end":{"line":24,"column":65}},"18":{"start":{"line":28,"column":0},"end":{"line":28,"column":24}}},"fnMap":{},"branchMap":{},"s":{"0":4,"1":4,"2":4,"3":4,"4":4,"5":4,"6":4,"7":4,"8":4,"9":4,"10":4,"11":4,"12":4,"13":4,"14":4,"15":4,"16":4,"17":4,"18":4},"f":{},"b":{},"_coverageSchema":"1a1c01bbd47fc00a2c39e90264f33305004495a9","hash":"50307d0d2c7182796f07200f6d703b9b91219395"}
}
