TN:
SF:server.js
FN:14,(anonymous_0)
FNF:1
FNH:0
FNDA:0,(anonymous_0)
DA:1,5
DA:2,5
DA:4,5
DA:5,5
DA:6,5
DA:10,5
DA:12,5
DA:14,5
DA:16,5
LF:9
LH:9
BRF:0
BRH:0
end_of_record
TN:
SF:controller/HabitController.js
FN:4,index
FN:11,(anonymous_1)
FN:27,indextest
FN:37,createStreak
FN:46,(anonymous_4)
FN:75,show
FN:86,create
FN:93,(anonymous_7)
FN:113,createTest
FN:126,updateComp
FN:137,updatefreq
FN:149,reduceFreq
FN:159,destroy
FNF:13
FNH:7
FNDA:0,index
FNDA:0,(anonymous_1)
FNDA:1,indextest
FNDA:0,createStreak
FNDA:0,(anonymous_4)
FNDA:1,show
FNDA:0,create
FNDA:0,(anonymous_7)
FNDA:1,createTest
FNDA:1,updateComp
FNDA:1,updatefreq
FNDA:1,reduceFreq
FNDA:1,destroy
DA:1,5
DA:2,5
DA:5,0
DA:8,0
DA:9,0
DA:10,0
DA:11,0
DA:12,0
DA:13,0
DA:14,0
DA:16,0
DA:20,0
DA:21,0
DA:23,0
DA:28,1
DA:29,1
DA:30,1
DA:31,1
DA:34,0
DA:38,0
DA:39,0
DA:40,0
DA:41,0
DA:42,0
DA:43,0
DA:45,0
DA:46,0
DA:47,0
DA:48,0
DA:49,0
DA:51,0
DA:52,0
DA:55,0
DA:56,0
DA:57,0
DA:58,0
DA:59,0
DA:60,0
DA:61,0
DA:63,0
DA:66,0
DA:67,0
DA:70,0
DA:71,0
DA:76,1
DA:77,1
DA:78,1
DA:79,1
DA:80,1
DA:82,0
DA:87,0
DA:89,0
DA:90,0
DA:92,0
DA:93,0
DA:94,0
DA:95,0
DA:96,0
DA:98,0
DA:102,0
DA:104,0
DA:105,0
DA:108,0
DA:109,0
DA:114,1
DA:116,1
DA:117,1
DA:120,0
DA:127,1
DA:128,1
DA:129,1
DA:130,1
DA:132,0
DA:139,1
DA:140,1
DA:141,1
DA:142,0
DA:144,1
DA:145,1
DA:150,1
DA:151,1
DA:152,1
DA:153,0
DA:155,1
DA:160,1
DA:161,1
DA:162,1
DA:163,1
DA:165,0
DA:166,0
DA:171,5
LF:91
LH:32
BRDA:9,0,0,0
BRDA:9,0,1,0
BRDA:12,1,0,0
BRDA:12,1,1,0
BRDA:42,2,0,0
BRDA:42,2,1,0
BRDA:47,3,0,0
BRDA:47,3,1,0
BRDA:59,4,0,0
BRDA:59,4,1,0
BRDA:90,5,0,0
BRDA:90,5,1,0
BRDA:94,6,0,0
BRDA:94,6,1,0
BRF:14
BRH:0
end_of_record
TN:
SF:controller/UserController.js
FN:4,index
FN:13,show
FNF:2
FNH:2
FNDA:1,index
FNDA:1,show
DA:1,5
DA:5,1
DA:6,1
DA:7,1
DA:9,0
DA:14,1
DA:15,1
DA:16,1
DA:18,0
DA:22,5
LF:10
LH:8
BRF:0
BRH:0
end_of_record
TN:
SF:controller/auth.js
FN:8,create
FN:18,login
FN:27,(anonymous_2)
FNF:3
FNH:1
FNDA:0,create
FNDA:1,login
FNDA:0,(anonymous_2)
DA:1,5
DA:2,5
DA:3,5
DA:6,5
DA:9,0
DA:10,0
DA:11,0
DA:12,0
DA:13,0
DA:15,0
DA:19,1
DA:20,1
DA:21,0
DA:22,0
DA:24,0
DA:25,0
DA:26,0
DA:27,0
DA:28,0
DA:29,0
DA:34,0
DA:38,0
DA:41,1
DA:42,1
DA:48,5
LF:25
LH:9
BRDA:21,0,0,0
BRDA:21,0,1,0
BRDA:25,1,0,0
BRDA:25,1,1,0
BRDA:28,2,0,0
BRDA:28,2,1,0
BRF:6
BRH:0
end_of_record
TN:
SF:dbConfig/init.js
FNF:0
FNH:0
DA:1,5
DA:3,5
DA:5,5
LF:3
LH:3
BRF:0
BRH:0
end_of_record
TN:
SF:middleware/token.js
FN:4,verifyToken
FN:10,(anonymous_1)
FNF:2
FNH:0
FNDA:0,verifyToken
FNDA:0,(anonymous_1)
DA:1,5
DA:2,5
DA:5,0
DA:6,0
DA:7,0
DA:8,0
DA:9,0
DA:10,0
DA:11,0
DA:12,0
DA:13,0
DA:14,0
DA:16,0
DA:20,0
DA:21,0
DA:25,5
LF:16
LH:3
BRDA:7,0,0,0
BRDA:7,0,1,0
BRDA:11,1,0,0
BRDA:11,1,1,0
BRF:4
BRH:0
end_of_record
TN:
SF:model/HabitModel.js
FN:5,(anonymous_0)
FN:17,(anonymous_1)
FN:18,(anonymous_2)
FN:22,(anonymous_3)
FN:33,(anonymous_4)
FN:34,(anonymous_5)
FN:37,(anonymous_6)
FN:45,(anonymous_7)
FN:46,(anonymous_8)
FN:58,(anonymous_9)
FN:59,(anonymous_10)
FN:78,(anonymous_11)
FN:79,(anonymous_12)
FN:97,(anonymous_13)
FN:98,(anonymous_14)
FN:115,(anonymous_15)
FN:116,(anonymous_16)
FN:131,(anonymous_17)
FN:132,(anonymous_18)
FN:149,(anonymous_19)
FN:150,(anonymous_20)
FN:163,convert
FN:187,startTime
FNF:23
FNH:22
FNDA:21,(anonymous_0)
FNDA:1,(anonymous_1)
FNDA:1,(anonymous_2)
FNDA:3,(anonymous_3)
FNDA:1,(anonymous_4)
FNDA:1,(anonymous_5)
FNDA:1,(anonymous_6)
FNDA:1,(anonymous_7)
FNDA:1,(anonymous_8)
FNDA:1,(anonymous_9)
FNDA:1,(anonymous_10)
FNDA:2,(anonymous_11)
FNDA:2,(anonymous_12)
FNDA:2,(anonymous_13)
FNDA:2,(anonymous_14)
FNDA:2,(anonymous_15)
FNDA:2,(anonymous_16)
FNDA:2,(anonymous_17)
FNDA:2,(anonymous_18)
FNDA:1,(anonymous_19)
FNDA:1,(anonymous_20)
FNDA:1,convert
FNDA:0,startTime
DA:1,5
DA:2,5
DA:6,21
DA:7,21
DA:8,21
DA:9,21
DA:10,21
DA:11,21
DA:12,21
DA:13,21
DA:14,21
DA:18,1
DA:19,1
DA:21,1
DA:22,3
DA:23,1
DA:26,0
DA:34,1
DA:35,1
DA:36,1
DA:37,1
DA:38,1
DA:40,0
DA:46,1
DA:47,1
DA:48,1
DA:49,1
DA:50,1
DA:51,1
DA:53,0
DA:59,1
DA:60,1
DA:61,1
DA:62,1
DA:63,1
DA:64,1
DA:65,1
DA:66,1
DA:67,1
DA:68,1
DA:69,1
DA:70,1
DA:73,0
DA:79,2
DA:80,2
DA:81,2
DA:82,2
DA:83,2
DA:84,2
DA:85,1
DA:86,1
DA:88,0
DA:91,1
DA:98,2
DA:99,2
DA:100,2
DA:101,2
DA:102,1
DA:103,1
DA:105,0
DA:106,0
DA:107,0
DA:110,1
DA:116,2
DA:117,2
DA:118,2
DA:119,2
DA:120,1
DA:121,1
DA:123,0
DA:126,1
DA:132,2
DA:133,2
DA:134,2
DA:135,1
DA:136,1
DA:137,1
DA:139,1
DA:142,0
DA:150,1
DA:151,1
DA:152,1
DA:153,1
DA:155,0
DA:164,1
DA:165,1
DA:166,1
DA:167,1
DA:168,1
DA:169,1
DA:170,0
DA:171,0
DA:172,0
DA:173,0
DA:174,0
DA:175,0
DA:176,0
DA:177,0
DA:178,0
DA:179,0
DA:180,0
DA:181,0
DA:183,0
DA:188,0
DA:189,0
DA:190,0
DA:195,5
LF:107
LH:80
BRDA:82,0,0,2
BRDA:82,0,1,0
BRDA:82,1,0,2
BRDA:82,1,1,2
BRDA:100,2,0,2
BRDA:100,2,1,0
BRDA:118,3,0,2
BRDA:118,3,1,0
BRDA:134,4,0,1
BRDA:134,4,1,1
BRDA:165,5,0,1
BRDA:165,5,1,0
BRDA:170,6,0,0
BRDA:170,6,1,0
BRDA:176,7,0,0
BRDA:176,7,1,0
BRF:16
BRH:8
end_of_record
TN:
SF:model/UserModel.js
FN:4,(anonymous_0)
FN:11,(anonymous_1)
FN:12,(anonymous_2)
FN:15,(anonymous_3)
FN:23,(anonymous_4)
FN:24,(anonymous_5)
FN:36,(anonymous_6)
FN:37,(anonymous_7)
FNF:8
FNH:8
FNDA:9,(anonymous_0)
FNDA:1,(anonymous_1)
FNDA:1,(anonymous_2)
FNDA:3,(anonymous_3)
FNDA:1,(anonymous_4)
FNDA:1,(anonymous_5)
FNDA:3,(anonymous_6)
FNDA:3,(anonymous_7)
DA:1,5
DA:5,9
DA:6,9
DA:7,9
DA:8,9
DA:12,1
DA:13,1
DA:14,1
DA:15,3
DA:16,1
DA:18,0
DA:24,1
DA:25,1
DA:26,1
DA:27,1
DA:28,1
DA:29,1
DA:31,0
DA:37,3
DA:38,3
DA:40,3
DA:41,2
DA:42,2
DA:44,1
DA:52,5
LF:25
LH:23
BRF:0
BRH:0
end_of_record
TN:
SF:routes/route.js
FNF:0
FNH:0
DA:1,5
DA:2,5
DA:3,5
DA:4,5
DA:5,5
DA:6,5
DA:11,5
DA:12,5
DA:13,5
DA:14,5
DA:17,5
DA:18,5
DA:19,5
DA:20,5
DA:21,5
DA:22,5
DA:23,5
DA:24,5
DA:28,5
LF:19
LH:19
BRF:0
BRH:0
end_of_record
