TN:
SF:server.js
FN:14,(anonymous_0)
FNF:1
FNH:0
FNDA:0,(anonymous_0)
DA:1,4
DA:2,4
DA:4,4
DA:5,4
DA:6,4
DA:10,4
DA:12,4
DA:14,4
DA:16,4
LF:9
LH:9
BRF:0
BRH:0
end_of_record
TN:
SF:controller/HabitController.js
FN:4,index
FN:11,(anonymous_1)
FN:28,indextest
FN:38,createStreak
FN:47,(anonymous_4)
FN:76,show
FN:87,create
FN:94,(anonymous_7)
FN:115,updateComp
FN:126,updatefreq
FN:138,reduceFreq
FN:148,destroy
FNF:12
FNH:2
FNDA:0,index
FNDA:0,(anonymous_1)
FNDA:1,indextest
FNDA:0,createStreak
FNDA:0,(anonymous_4)
FNDA:1,show
FNDA:0,create
FNDA:0,(anonymous_7)
FNDA:0,updateComp
FNDA:0,updatefreq
FNDA:0,reduceFreq
FNDA:0,destroy
DA:1,4
DA:2,4
DA:5,0
DA:8,0
DA:9,0
DA:10,0
DA:11,0
DA:12,0
DA:13,0
DA:14,0
DA:16,0
DA:21,0
DA:22,0
DA:24,0
DA:29,1
DA:30,1
DA:31,1
DA:32,1
DA:35,0
DA:39,0
DA:40,0
DA:41,0
DA:42,0
DA:43,0
DA:44,0
DA:46,0
DA:47,0
DA:48,0
DA:49,0
DA:50,0
DA:52,0
DA:53,0
DA:56,0
DA:57,0
DA:58,0
DA:59,0
DA:60,0
DA:61,0
DA:62,0
DA:64,0
DA:67,0
DA:68,0
DA:71,0
DA:72,0
DA:77,1
DA:78,1
DA:79,1
DA:80,1
DA:81,1
DA:83,0
DA:88,0
DA:90,0
DA:91,0
DA:93,0
DA:94,0
DA:95,0
DA:96,0
DA:97,0
DA:99,0
DA:103,0
DA:105,0
DA:106,0
DA:109,0
DA:110,0
DA:116,0
DA:117,0
DA:118,0
DA:119,0
DA:121,0
DA:128,0
DA:129,0
DA:130,0
DA:131,0
DA:133,0
DA:134,0
DA:139,0
DA:140,0
DA:141,0
DA:142,0
DA:144,0
DA:149,0
DA:150,0
DA:151,0
DA:152,0
DA:154,0
DA:155,0
DA:160,4
LF:87
LH:12
BRDA:9,0,0,0
BRDA:9,0,1,0
BRDA:12,1,0,0
BRDA:12,1,1,0
BRDA:43,2,0,0
BRDA:43,2,1,0
BRDA:48,3,0,0
BRDA:48,3,1,0
BRDA:60,4,0,0
BRDA:60,4,1,0
BRDA:91,5,0,0
BRDA:91,5,1,0
BRDA:95,6,0,0
BRDA:95,6,1,0
BRF:14
BRH:0
end_of_record
TN:
SF:controller/UserController.js
FN:4,index
FN:13,show
FNF:2
FNH:2
FNDA:1,index
FNDA:1,show
DA:1,4
DA:5,1
DA:6,1
DA:7,1
DA:9,0
DA:14,1
DA:15,1
DA:16,1
DA:18,0
DA:22,4
LF:10
LH:8
BRF:0
BRH:0
end_of_record
TN:
SF:controller/auth.js
FN:8,create
FN:18,login
FN:27,(anonymous_2)
FNF:3
FNH:0
FNDA:0,create
FNDA:0,login
FNDA:0,(anonymous_2)
DA:1,4
DA:2,4
DA:3,4
DA:6,4
DA:9,0
DA:10,0
DA:11,0
DA:12,0
DA:13,0
DA:15,0
DA:19,0
DA:20,0
DA:21,0
DA:22,0
DA:24,0
DA:25,0
DA:26,0
DA:27,0
DA:28,0
DA:29,0
DA:34,0
DA:38,0
DA:41,0
DA:42,0
DA:48,4
LF:25
LH:5
BRDA:21,0,0,0
BRDA:21,0,1,0
BRDA:25,1,0,0
BRDA:25,1,1,0
BRDA:28,2,0,0
BRDA:28,2,1,0
BRF:6
BRH:0
end_of_record
TN:
SF:dbConfig/init.js
FNF:0
FNH:0
DA:1,4
DA:3,4
DA:5,4
LF:3
LH:3
BRF:0
BRH:0
end_of_record
TN:
SF:middleware/token.js
FN:4,verifyToken
FN:10,(anonymous_1)
FNF:2
FNH:0
FNDA:0,verifyToken
FNDA:0,(anonymous_1)
DA:1,4
DA:2,4
DA:5,0
DA:6,0
DA:7,0
DA:8,0
DA:9,0
DA:10,0
DA:11,0
DA:12,0
DA:13,0
DA:14,0
DA:16,0
DA:20,0
DA:21,0
DA:25,4
LF:16
LH:3
BRDA:7,0,0,0
BRDA:7,0,1,0
BRDA:11,1,0,0
BRDA:11,1,1,0
BRF:4
BRH:0
end_of_record
TN:
SF:model/HabitModel.js
FN:5,(anonymous_0)
FN:17,(anonymous_1)
FN:18,(anonymous_2)
FN:22,(anonymous_3)
FN:33,(anonymous_4)
FN:34,(anonymous_5)
FN:37,(anonymous_6)
FN:45,(anonymous_7)
FN:46,(anonymous_8)
FN:58,(anonymous_9)
FN:59,(anonymous_10)
FN:76,(anonymous_11)
FN:77,(anonymous_12)
FN:95,(anonymous_13)
FN:96,(anonymous_14)
FN:113,(anonymous_15)
FN:114,(anonymous_16)
FN:129,(anonymous_17)
FN:130,(anonymous_18)
FN:147,(anonymous_19)
FN:148,(anonymous_20)
FN:161,convert
FN:185,startTime
FNF:23
FNH:22
FNDA:16,(anonymous_0)
FNDA:1,(anonymous_1)
FNDA:1,(anonymous_2)
FNDA:3,(anonymous_3)
FNDA:1,(anonymous_4)
FNDA:1,(anonymous_5)
FNDA:1,(anonymous_6)
FNDA:1,(anonymous_7)
FNDA:1,(anonymous_8)
FNDA:1,(anonymous_9)
FNDA:1,(anonymous_10)
FNDA:2,(anonymous_11)
FNDA:2,(anonymous_12)
FNDA:1,(anonymous_13)
FNDA:1,(anonymous_14)
FNDA:1,(anonymous_15)
FNDA:1,(anonymous_16)
FNDA:1,(anonymous_17)
FNDA:1,(anonymous_18)
FNDA:1,(anonymous_19)
FNDA:1,(anonymous_20)
FNDA:1,convert
FNDA:0,startTime
DA:1,4
DA:2,4
DA:6,16
DA:7,16
DA:8,16
DA:9,16
DA:10,16
DA:11,16
DA:12,16
DA:13,16
DA:14,16
DA:18,1
DA:19,1
DA:21,1
DA:22,3
DA:23,1
DA:26,0
DA:34,1
DA:35,1
DA:36,1
DA:37,1
DA:38,1
DA:40,0
DA:46,1
DA:47,1
DA:48,1
DA:49,1
DA:50,1
DA:51,1
DA:53,0
DA:59,1
DA:60,1
DA:61,1
DA:62,1
DA:63,1
DA:64,1
DA:65,1
DA:66,1
DA:67,1
DA:68,1
DA:69,1
DA:71,0
DA:77,2
DA:78,2
DA:79,2
DA:80,2
DA:81,2
DA:82,2
DA:83,1
DA:84,1
DA:86,0
DA:89,0
DA:96,1
DA:97,1
DA:98,1
DA:99,1
DA:100,1
DA:101,1
DA:103,0
DA:104,0
DA:105,0
DA:108,0
DA:114,1
DA:115,1
DA:116,1
DA:117,1
DA:118,1
DA:119,1
DA:121,0
DA:124,0
DA:130,1
DA:131,1
DA:132,1
DA:133,1
DA:134,1
DA:135,1
DA:137,0
DA:140,0
DA:148,1
DA:149,1
DA:150,1
DA:151,1
DA:153,0
DA:162,1
DA:163,1
DA:164,1
DA:165,1
DA:166,1
DA:167,1
DA:168,0
DA:169,0
DA:170,0
DA:171,0
DA:172,0
DA:173,0
DA:174,0
DA:175,0
DA:176,0
DA:177,0
DA:178,0
DA:179,0
DA:181,0
DA:186,0
DA:187,0
DA:188,0
DA:193,4
LF:106
LH:75
BRDA:80,0,0,2
BRDA:80,0,1,0
BRDA:80,1,0,2
BRDA:80,1,1,2
BRDA:98,2,0,1
BRDA:98,2,1,0
BRDA:116,3,0,1
BRDA:116,3,1,0
BRDA:132,4,0,1
BRDA:132,4,1,0
BRDA:163,5,0,1
BRDA:163,5,1,0
BRDA:168,6,0,0
BRDA:168,6,1,0
BRDA:174,7,0,0
BRDA:174,7,1,0
BRF:16
BRH:7
end_of_record
TN:
SF:model/UserModel.js
FN:4,(anonymous_0)
FN:11,(anonymous_1)
FN:12,(anonymous_2)
FN:15,(anonymous_3)
FN:23,(anonymous_4)
FN:24,(anonymous_5)
FN:36,(anonymous_6)
FN:37,(anonymous_7)
FNF:8
FNH:8
FNDA:9,(anonymous_0)
FNDA:1,(anonymous_1)
FNDA:1,(anonymous_2)
FNDA:3,(anonymous_3)
FNDA:1,(anonymous_4)
FNDA:1,(anonymous_5)
FNDA:2,(anonymous_6)
FNDA:2,(anonymous_7)
DA:1,4
DA:5,9
DA:6,9
DA:7,9
DA:8,9
DA:12,1
DA:13,1
DA:14,1
DA:15,3
DA:16,1
DA:18,0
DA:24,1
DA:25,1
DA:26,1
DA:27,1
DA:28,1
DA:29,1
DA:31,0
DA:37,2
DA:38,2
DA:40,2
DA:41,2
DA:42,2
DA:44,0
DA:52,4
LF:25
LH:22
BRF:0
BRH:0
end_of_record
TN:
SF:routes/route.js
FNF:0
FNH:0
DA:1,4
DA:2,4
DA:3,4
DA:4,4
DA:5,4
DA:6,4
DA:11,4
DA:12,4
DA:13,4
DA:14,4
DA:17,4
DA:18,4
DA:19,4
DA:20,4
DA:21,4
DA:22,4
DA:23,4
DA:24,4
DA:28,4
LF:19
LH:19
BRF:0
BRH:0
end_of_record
